0.0	3.03501796408
1.003	5.27767098704
2.069	0.785290806754
3.109	2.43123076924
4.268	1.843782571182
5.398	2.29200707964
6.555	2.17671910112
7.758	2.3248944306
8.759	2.7258981019
9.909	2.23609043478
10.969	2.9201509434
11.979	2.81143762376
13.118	2.03079192274
14.198	2.3250962963
15.218	2.79843137254
16.398	2.02587118644
17.399	2.48266933066
18.428	2.82040038872
19.588	2.1796137931
20.748	2.01125517242
21.75	2.93342914172
22.978	2.0937068404
23.979	2.61797402598
25.139	2.10976551724
26.358	2.32900410172
27.359	2.2127952048
28.578	2.25634126334
29.579	2.87218381618
30.758	2.1469312977
31.768	2.71573861386
32.788	1.557866666666
33.797	1.549494549058
34.808	1.855256181998
35.818	1.884071287128
36.827	2.12995044598
37.828	2.86502297702
38.838	1.669497029702
39.928	2.18946055046
40.978	2.4969447619
42.198	2.25104262296
43.208	2.17626930694
44.428	1.512406557378
45.438	1.701037623762
46.456	1.949548133596
47.487	1.694417070806
48.488	1.351832167832
49.537	1.703122974262
50.553	1.99283464567
51.558	1.90503482587
53.178	0.966320987654
54.197	1.320949950932
55.207	1.583255445544
56.428	1.152157248158
57.447	1.480949950932
58.448	1.465142857142
59.537	1.711985294118
60.557	2.0243137255
61.567	2.41161188118
62.568	1.903808191808
63.587	1.847552502454
64.588	2.89593606394
65.597	2.61708622398
66.677	1.515066666666
67.678	2.43188811188
68.679	1.952687312688
69.699	2.23333333334
70.717	1.639182711198
71.767	1.844754285714
72.949	1.9989035533
74.077	2.019364685
75.097	2.2105882353
76.098	2.09184415584
77.237	2.46171027216
78.337	2.56103272728
79.397	2.12200754716
80.398	2.3834085914
81.407	2.30377799802
82.552	2.19638777292
83.768	2.391
84.769	2.94168231768
85.777	1.96607936508
86.787	1.951128712872
87.797	2.1668910891
88.798	2.64732067932
90.027	2.18090805532
91.028	2.58087512488
92.037	1.767135777998
93.038	2.19297502498
94.047	2.47682854312
95.057	2.53253069306
96.058	2.20838361638
97.257	2.1822852377
98.258	2.70897102898
99.267	2.64412289396
100.277	2.29427326732
101.287	2.18251089108
102.477	1.646171428572
103.567	1.908697247706
104.666	1.799992720656
105.677	1.72193867458
106.846	1.705389221556
107.857	1.980692383778
109.137	1.0128375
110.157	1.23134117647
111.167	1.8451009901
112.177	1.919097029702
113.186	1.38692566898
114.189	1.717535393818
115.197	1.705222222222
116.267	1.605428037384
117.268	2.41118881118
118.347	2.01267840594
119.466	2.23440929402
120.497	1.823782735208
121.507	2.18108514852
122.517	1.538233663366
123.526	2.08729435084
124.607	2.17591119334
125.727	2.33977142858
126.736	2.16359960356
127.846	2.13192072072
128.967	2.318058876
130.106	2.2599192274
131.246	2.10049122808
132.256	1.956182178218
133.257	1.113478521478
134.265	1.871857142858
135.266	1.306405594406
136.267	1.68632967033
137.276	1.696935579782
138.286	1.663144554456
139.296	1.995374257426
140.316	2.42197647058
141.446	1.820063716814
142.447	2.1627012987
143.448	2.16773626374
144.456	2.2243968254
145.586	1.83228318584
146.607	2.00803917728
147.616	1.540471754212
148.665	1.058028598666
149.666	1.136927072928
150.686	0.774588235294
151.699	0.679928923988
152.756	0.798546830652
153.986	0.73590894309
155.056	0.9072
156.086	0.573763106796
157.145	0.330696883852
158.146	0.968487512488
159.167	1.019047992164
160.176	1.723337958374
161.186	1.543017821782
162.196	1.86163960396
163.207	1.654013847676
164.216	2.19163528246
165.226	1.687968316832
166.236	1.865093069306
167.356	2.03458571428
168.387	2.08
169.436	1.904137273594
170.437	2.4530989011
171.447	1.947944554456
172.496	1.803424213536
173.586	2.09469357798
174.636	1.057478095238
175.656	1.877521568628
176.657	2.05476123876
177.666	2.24548662042
178.876	1.712661157024
179.877	1.93695904096
181.087	2.36183801652
182.096	2.59798412698
183.105	2.57133795838
184.256	1.91626064292
185.306	1.881813333334
186.315	1.828440039644
187.346	1.858715809894
188.357	1.96659149357
189.367	2.1228039604
190.396	1.703074829932
191.415	1.95825540275
192.516	1.62378928247
193.525	1.570124876114
194.551	1.417855750488
195.555	1.28019123506
196.557	1.014658682634
197.565	0.992412698412
198.645	0.705303703704
199.775	0.938279646018
200.79	1.231590147784
201.966	1.38250340136
202.985	0.926995093228
204.025	0.375123076924
205.035	0.411754455446
206.055	0.66605490196
207.266	0.974625928984
208.285	1.752934249264
209.405	0.8901
210.547	0.905625218914
211.604	1.111477767266
212.686	1.222314232902
213.895	1.117287014062
215.055	1.358013793104
216.065	1.558526732674
217.075	1.367176237624
218.095	1.294321568628
219.155	0.518158490566
220.164	1.089236868186
221.167	1.585020937188
222.325	1.13541968912
223.335	1.46034059406
224.355	1.388611764706
225.366	1.346183976262
226.375	1.498592666006
227.395	1.478682352942
228.566	1.274944491888
229.574	1.716777777778
230.575	1.63816983017
231.576	1.479368631368
232.585	1.690021803766
233.726	1.267505696758
234.735	1.711444995044
236.295	0.778553846154
237.334	1.002712909442
238.574	0.831458064516
239.754	1.29739661017
240.764	1.200205940594
241.794	0.982586407766
242.945	1.020802780192
243.954	1.128023785926
245.095	0.939695004382
246.115	0.994384313726
247.124	1.036146679882
248.264	0.879761403508
249.334	1.036755140186
250.535	0.974800999168
251.764	0.911596419854
252.774	0.866851485148
253.794	0.904611764706
254.804	1.144142574258
255.814	1.221497029702
256.834	1.632517647058
258.254	0.99029859155
259.264	1.053306930694
260.274	1.126732673268
261.284	1.103271287128
262.304	0.99154509804
263.334	0.765017475728
264.384	0.538788571428
265.394	0.531548514852
266.404	0.874297029702
267.444	0.505107692308
268.474	0.305522330098
269.544	0.327297196262
270.554	0.637322772278
271.734	0.841898305084
272.764	0.871269902912
273.794	0.722516504854
274.804	0.535667326732
275.814	0.885845544554
276.894	0.868888888888
277.904	0.823508910892
278.914	0.34342970297
279.934	0.536470588236
280.961	0.449137293086
282.024	0.544933207902
283.245	0.85068852459
284.524	1.004359655982
285.725	1.221915070774
286.734	1.605264618434
287.834	0.824218181818
288.844	1.41459009901
289.854	0.866851485148
290.884	0.603821359224
291.903	0.988074582924
292.905	0.984718562874
294.094	1.05636333053
295.124	1.253778640776
296.17	0.657239005736
297.283	0.550382749326
298.293	0.931865346534
299.294	1.15004995005
300.334	0.759446153846
301.353	0.804302257114
302.364	1.032340257172
303.393	0.994581146744
304.424	0.917183317168
305.573	0.81002610966
306.594	0.878950048972
307.597	0.705244267198
308.614	0.624314650934
309.623	0.54231912785
310.633	0.84114059406
311.674	1.016576368876
312.682	0.839365079366
313.692	0.692118811882
314.695	1.33144566301
315.872	1.597199660152
316.873	2.06038761238
317.883	1.755611881188
319.023	1.899466666666
320.032	2.09665014866
321.042	1.92377029703
322.053	1.482983184966
323.082	1.099055393586
324.102	0.968705882352
325.122	1.038149019608
326.139	0.964515240904
327.142	1.133176470588
328.182	1.0928
329.282	0.825701818182
330.312	0.446260194174
331.332	0.407717647058
332.768	0.402105849582
333.818	0.208457142858
335.078	0.4464
336.281	0.38208478803
337.288	0.434716981132
338.299	0.233099901088
339.328	0.382693877552
340.411	0.384
341.448	0.26419286403
342.507	0.413371104816
343.538	0.424597478176
344.558	0.356737254902
345.579	0.235815866798
346.599	0.3648
347.608	0.4097839445
348.628	0.815435294118
349.648	0.4152
350.658	0.49843960396
351.717	0.325000944288
352.728	0.51959643917
353.778	0.500297142858
354.808	0.322578640776
355.818	0.715152475248
356.907	0.35630486685
357.968	0.454279245284
359.019	0.327520456708
360.038	0.494037291462
361.057	0.300718351324
362.101	0.419310344828
363.102	0.713254745254
364.132	0.658889320388
365.135	0.676498504486
366.142	0.845553128104
367.151	0.880507433102
368.171	0.71808627451
369.172	0.809046953046
370.201	0.558258503402
371.231	0.58987184466
372.259	0.78779766537
373.261	1.11093013972
374.262	1.338037962038
375.271	1.074682539682
376.281	1.12038019802
377.291	1.252451485148
378.311	1.20657254902
379.332	1.177042115572
380.342	1.371928712872
381.363	0.953778648384
382.411	1.446464183382
383.432	1.700716944172
384.442	1.657932673268
385.611	1.121753424658
386.631	1.450337254902
387.643	1.033913043478
388.651	0.961603174604
389.671	1.069019607844
390.681	0.811564356436
391.691	0.620435643564
393.411	0.418418604652
394.811	0.32832
395.942	1.362107869142
397.192	1.785152
398.201	2.21825966304
399.221	1.741066666666
400.402	1.83551566469
401.411	2.25382755204
402.412	1.440351648352
403.491	1.86741797961
404.551	2.06834716982
405.702	1.956281494352
406.711	2.2587433102
407.721	1.5916990099
408.762	2.00438040346
409.763	1.974745254746
410.862	1.917190172884
412.002	2.0202245614
413.141	2.07599648814
414.142	2.3322917083
415.143	2.03137662338
416.151	2.0164920635
417.161	2.0322059406
418.171	1.940483168316
419.326	1.482611255412
420.331	2.4664517413
421.338	2.08452830188
422.341	2.57497906282
423.344	2.60246460618
424.346	2.34925349302
425.352	2.40361033798
426.361	2.26055104064
427.369	2.41701587302
428.591	2.03613747954
429.601	2.50333465346
430.603	2.56023952096
431.801	2.0503772955
432.811	2.77887809712
433.812	2.7193926074
435.031	2.2713831009
436.041	2.51247524752
437.042	2.77448951048
438.051	2.53862438058
439.052	1.968863136864
440.271	2.04436423298
441.282	2.35375667656
442.302	1.802729411764
443.451	1.875230635336
444.471	1.955419607844
445.481	1.462225742574
446.571	1.643023853212
447.622	1.911855375832
448.651	1.021652089408
449.653	1.760734530938
450.701	2.20364885496
451.711	2.32033267326
452.712	2.66057142858
453.722	2.66566336634
454.831	2.24520829576
455.851	2.7125490196
456.941	1.926634862386
457.942	2.26606993006
458.951	2.84941129832
459.971	2.79419038272
461.1	1.989201062888
462.101	2.7002917083
463.23	1.914572187776
464.231	2.54065934066
465.242	2.52000791296
466.25	2.20238095238
467.251	1.486193806194
468.252	2.54908291708
469.343	2.33966636114
470.411	2.44937827716
471.421	2.58255841584
472.43	2.79487809712
473.61	1.918155932204
474.621	2.76261918892
475.624	2.34597008974
476.631	2.5677060576
477.701	2.1290317757
478.83	1.959723649248
479.87	2.22426153846
480.95	2.46642962962
482.06	2.30818018018
483.07	2.074703667
484.081	1.960799208704
485.27	2.40115727502
486.4	2.6762761062
487.401	2.05023776224
488.41	1.839777998018
489.65	1.524322580646
490.73	1.935955555556
491.86	1.81356460177
492.861	2.00153446554
493.97	1.016901713256
495.16	0.832752941176
496.33	0.261907692308
497.342	1.679019762846
498.35	1.16807936508
499.353	1.761260219342
500.36	1.261775571002
501.369	1.649934588702
502.37	1.554477522478
503.679	1.10050420168
504.87	0.916648194794
505.88	1.26304950495
506.89	1.255508910892
507.9	1.343873267326
508.91	1.462003960396
509.94	0.580706796116
510.97	1.013297087378
512.099	1.707167404782
513.11	2.02283679526
514.13	1.429082352942
515.57	1.225155555556
516.571	2.2214905095
517.59	1.225656526006
518.669	1.108329935126
519.739	1.013727102804
520.74	1.149442557442
521.743	1.712366899302
522.759	1.14746456693
523.769	1.000348514852
524.999	0.674237398374
526.209	0.919285950414
527.21	1.973002997002
528.219	1.98271555996
529.269	0.938057142858
530.28	0.958987141444
531.449	1.542911890504
532.48	2.11606595538
533.539	1.260630783758
534.549	1.578154455446
535.579	1.530314563106
536.609	0.571666019418
537.629	0.693521568628
538.639	1.087904950496
539.64	1.196355644356
540.649	1.451988107036
541.689	0.825876923076
542.72	0.816822502424
543.729	0.235015873016
544.749	0.686682352942
545.759	0.52998019802
546.769	1.113188118812
547.799	1.36400776699
548.808	1.062945490584
549.809	1.05106093906
550.839	1.509996116504
551.869	0.845545631068
552.889	1.018384313726
553.899	1.602029732408
554.919	1.55843137255
555.939	1.165866666666
556.949	1.25413069307
557.959	1.033045544554
558.979	0.579388235294
559.989	1.186582178218
561.008	1.187265947006
562.009	0.93134065934
563.029	1.158776470588
564.049	0.47665882353
565.089	0.44196923077
566.128	0.421328200192
567.138	0.51104950495
568.178	0.673476923076
569.188	0.40773069307
570.199	0.584545994066
571.279	0.443274074074
572.288	0.780939544104
573.328	0.498938461538
574.329	0.983976023976
575.429	1.135796363636
576.43	2.1239080919
577.639	2.58077750206
578.64	3.51483716284
579.819	1.803372349448
580.829	2.7766970297
582.059	2.0325203252
583.099	2.60938461538
584.101	2.79248751248
585.109	2.29203174604
586.289	2.25487457628
587.299	2.71001980198
588.349	1.55836952381
589.352	2.4744007976
590.359	2.65809731876
591.36	3.26735664336
592.479	1.847420911528
593.48	2.61727072928
594.488	2.55926984126
595.489	2.20176623376
596.498	2.60547869178
597.6	1.750257713248
598.819	2.05638720262
600.009	2.06920336134
601.218	1.932492969396
602.219	2.47466133866
603.268	1.774444232602
604.499	2.18820471162
605.619	2.39031428572
606.629	2.73695049504
607.639	2.39165906838
608.818	3.2288922816
609.868	3.31328
611.079	2.20745829892
612.088	2.8020297324
613.258	1.96464957265
614.389	2.58842086648
615.399	3.19545346534
616.409	2.81538217822
617.418	3.06819425174
618.498	1.960888888888
619.499	2.99022577422
620.738	2.25504439064
621.748	2.58932277228
622.759	2.33677546984
623.778	2.26840431796
624.78	1.746219560878
625.788	2.42147619048
626.919	1.951943412908
627.928	2.65203567888
629.159	1.663623070674
630.16	2.54077122878
631.258	1.888247723132
632.259	2.5322997003
633.268	2.42643409316
634.278	2.09514455446
635.488	2.10958016528
636.498	2.9782970297
637.528	1.382539805826
638.598	2.00900186916
639.608	3.03115163528
640.718	2.46248648648
641.719	2.96725674326
642.737	2.21427111984
643.819	2.5810573013
644.998	2.86097113752
646.008	2.91087524752
647.018	1.8115009901
648.028	1.782178217822
649.038	2.85845544554
650.039	2.28836763236
651.048	2.2118691774
652.078	1.630555339806
653.238	2.39420689656
654.338	2.42366545454
655.34	2.62910978044
656.348	2.73846031746
657.352	2.27544223108
658.378	2.32530214424
659.388	3.3270019802
660.547	1.886481449526
661.558	2.56416221562
662.559	1.885074925074
663.679	2.26171428572
664.688	2.63302279484
665.848	1.915613793104
666.858	2.7254019802
667.967	1.933633904418
669.147	2.1913898305
670.157	2.32755643564
671.237	1.09154074074
672.267	1.028706796116
673.367	0.968887272728
674.397	0.807518446602
675.427	0.323961165048
676.467	0.526153846154
677.507	0.307215384616
678.538	0.445827352086
679.587	0.411729265968
680.597	0.455097029702
681.687	0.520411009174
682.717	0.701266019418
683.727	1.069702970298
684.817	1.235743119266
685.847	1.25225631068
686.857	1.347168316832
687.877	0.872533333334
689.027	0.676813913044
690.037	0.84518019802
691.047	0.987564356436
692.067	1.320094117648
693.087	1.20914509804
694.098	1.151620178042
695.117	1.171108930324
696.147	0.755324271844
697.167	0.836894117648
698.197	0.477514563106
699.216	0.5155171737
700.217	0.524787212788
701.236	0.361970559372
702.276	0.44196923077
703.286	0.314835643564
704.298	0.302798418972
705.336	0.46390751445
706.377	0.345268011528
707.499	0.468610169492
708.506	1.03078450844
709.507	1.207592407592
710.516	0.92132408325
711.533	1.359339233038
712.537	1.565944223108
713.547	1.30034059406
714.697	1.35940173913
715.896	0.93022852377
716.986	0.421695412844
718.086	0.238778181818
719.116	0.41334368932
