0.0	7.0244955045
1.009	6.356392467799999
2.019	6.025029702975
3.02	6.352527472525001
4.099	6.400444856350001
5.1	7.079160839150001
6.109	6.139464816649999
7.11	6.4071928071999995
8.111	6.352527472525001
9.199	6.1463235294
10.2	6.8331668331749995
11.201	5.723876123875
12.21	5.895421209125001
13.248	5.836146435450001
14.249	6.55984015985
15.25	6.46185814185
16.259	6.573320118925
17.261	7.055748503
18.338	5.599758588675
19.339	6.64183816185
20.34	7.4185014984999995
21.348	7.176984126975
22.35	5.991217564875
23.359	7.034291377600001
24.36	7.227172827175
25.419	7.11554296505
26.42	8.1178021978
27.421	7.19984015985
28.429	7.176984126975
29.43	7.309170829175001
30.438	7.231269841275
31.439	6.95384615385
32.44	7.172507492499999
33.448	6.38984126985
34.538	7.113981651375
35.539	8.0358041958
36.54	7.19984015985
37.548	7.1498412698500005
38.549	6.653186813175001
39.551	6.5373253493000005
40.558	6.695054617675
41.638	6.242518518524999
42.639	7.297822177824999
43.64	5.28655344655
44.641	5.641878121875
45.648	6.91241310825
46.649	7.5346053946
47.65	6.635064935075
48.659	6.46485629335
49.66	6.37986013985
50.668	5.9826984127000005
51.678	6.60974257425
52.688	5.7541386138499995
53.689	5.8332067932
54.699	5.705609514374999
55.821	4.46245989305
56.828	4.276941410125
57.838	6.474297029700001
58.839	5.8332067932
59.858	5.7033169774250005
60.859	5.614545454549999
61.868	5.667234886025
62.87	5.363193612775
63.878	5.738412698425
64.879	5.8491908092
65.888	3.61768087215
66.898	3.7112079207999997
67.909	3.231651829875
68.943	2.7783365570500003
69.948	2.8040597015
70.95	3.451816367275
71.958	4.315714285725
72.959	4.2205794205750005
73.968	4.85375619425
74.978	4.6163960396
75.979	4.794565434575
76.988	5.0706838454000005
77.989	3.6192607392499996
79.008	4.430225711475
80.018	3.532831683175
81.028	4.4697029703
82.037	2.831318136775
83.058	4.2875612145
84.059	4.138581418575
85.068	4.17585728445
86.077	4.29555996035
87.078	5.411868131875
88.079	3.8925874125749997
89.088	5.206263627349999
90.089	4.548571428575
91.09	4.9858941059
92.098	5.347142857150001
93.108	4.1287920792
94.117	4.12162537165
95.127	3.397386138625
97.687	0.7906249999999999
98.908	3.9087960688
99.917	3.172566897925
100.918	4.209230769225
101.919	4.19324675325
102.928	4.528364717550001
103.938	3.3702970297
104.94	3.7719080919
105.947	4.086752730875
106.949	4.75113772455
107.957	4.43555555555
108.967	4.264237623750001
109.988	5.1450734574000005
110.989	4.6579020979
112.007	5.2677406679750005
113.017	5.076910891100001
114.027	4.2913267326749995
115.037	4.523881188125
116.038	3.9199200799250002
117.057	4.510775269874999
118.058	4.384575424575
119.067	4.447016848375
120.077	3.072316831675
121.097	3.4334117647
122.126	0.7179008746350001
123.167	0.6570605187325
124.237	0.434691588785
125.286	0.2608198284075
126.296	1.3002772277224999
127.366	1.6364859813075001
128.386	1.98494117647
129.396	1.5282376237625002
130.407	1.3801780415425
131.416	1.8438850346875
132.436	2.2531764705875
133.486	1.7305904761900002
134.496	1.7878811881199999
135.506	2.302574257425
136.516	2.41093069307
137.524	2.155555555555
138.526	2.894371257475
139.536	2.4921980198025
140.546	2.4763564356425
141.576	1.9656699029125
142.586	2.1942178217825
143.596	2.41093069307
144.626	2.1360776699025
145.646	2.3336470588225
146.656	2.2213069306925
147.666	2.0858613861375
148.676	1.7449504950499999
149.686	2.1671287128725
150.705	2.013738959765
151.712	4.1145580933499994
152.721	2.1692765113975
153.84	1.4670241286874999
154.841	1.7219580419575
155.851	2.50344554455
156.861	2.898534653475
157.862	3.1705894106
158.874	2.33628458498
159.876	2.45748502994
160.881	2.967402985075
161.891	1.9616633663375
162.901	1.9504158415850001
163.919	1.9082121807474999
164.921	2.2390419161675
165.922	1.6786413586425
166.933	2.4085459940650003
167.951	2.311355599215
168.961	2.2213069306925
169.971	1.9887524752474999
170.981	2.5734653465250004
171.992	1.3801780415425
173.011	2.1211383709525
174.02	1.7737958374625
175.03	1.706613861385
176.051	1.1790793339875
177.06	1.1388701684825
178.071	1.1366172106824999
179.09	1.2619430814525001
180.091	0.2573426573425
181.17	0.481779425395
182.171	2.8972627372749997
183.172	2.9519280719250003
184.18	1.8298412698425002
185.201	2.5725367287000003
186.211	2.1671287128725
187.22	2.4133201189299998
188.226	1.5615109343925
189.24	2.968047337275
190.25	2.790178217825
191.251	2.1432967032975
192.261	3.061069306925
193.27	3.335262636275
194.271	2.1432967032975
195.3	2.3664139941699998
196.32	2.1727058823525
197.46	2.36196491228
198.461	3.22525474525
199.471	3.35904950495
200.491	2.10337254902
201.501	3.4674059406
202.511	3.792475247525
203.52	2.8855500495500004
204.53	3.277782178225
205.54	2.74724752475
206.551	2.706231454
207.552	2.5966033966
208.56	1.655714285715
209.562	1.321996007985
210.57	1.764285714285
211.58	2.1942178217825
212.587	5.0111817279
213.597	2.1942178217825
214.607	2.5192871287250003
215.627	1.9156078431375
216.649	2.7038747553749998
217.657	2.7414285714249997
218.857	1.9246666666675
219.867	2.5192871287250003
220.888	2.8137120470249997
221.897	2.3862041625375
222.927	1.3547184466025
223.937	2.46510891089
224.947	2.3296633663375
225.967	1.5937843137249998
226.977	2.46510891089
227.978	2.651268731275
228.987	2.7387115956500003
230.007	2.42525490196
231.008	3.279920079925
232.009	3.127272727275
233.017	3.23
234.038	3.081684622925
235.057	2.642433758575
236.067	2.84435643565
237.077	2.84435643565
238.097	2.42525490196
239.107	3.0881584158499997
240.115	3.3385714285750003
241.127	2.8499604743
242.137	3.061069306925
243.157	1.2607058823525
244.166	1.8280277502475002
245.186	1.6362352941175002
246.207	0.9914985308525
247.247	0.44723076923000005
248.266	0.51014720314
249.336	0.3324112149525
250.356	0.32188235294
251.393	1.5038765670199998
252.412	0.6980961727175
253.982	0.46033121019
255.042	0.516226415095
256.062	0.5096470588225
257.092	0.504699029125
258.153	0.5415268614525
259.182	0.3988338192425
260.202	0.4291764705875
261.212	0.4571881188125
262.242	0.4548349514575
263.273	0.769582929195
264.312	0.5003272377275
265.342	0.6375145631074999
266.362	0.5096470588225
267.372	0.6708910891100001
268.442	0.696373831775
269.602	0.2928275862075
270.632	1.56722330097
271.642	1.3273663366325001
272.652	0.487603960395
273.662	1.84205940594
274.752	2.36990825688
275.762	3.11524752475
276.772	2.3838415841575
277.862	1.1044403669725
278.882	0.670588235295
279.912	0.94067961165
280.942	1.885980582525
281.952	1.706613861385
282.972	1.5557647058825
283.983	1.4072403560825
284.992	0.97617443013
286.082	0.311688073395
287.102	0.75105882353
288.122	5.9338174681
289.341	0.9519934372425
290.342	4.4005594405499995
291.343	4.548571428575
292.351	5.835714285725
293.352	4.6032367632249995
294.542	3.7571260504249997
295.602	1.6519245283025
296.642	0.684
297.671	0.531778425655
298.681	0.9752079207925001
299.682	2.3232767232775
300.691	1.9636669970275
301.701	1.3002772277224999
302.711	0.8126732673275
303.721	1.2172673267325
304.722	1.0403996004
305.741	1.36934249264
306.751	1.4357227722775001
307.771	0.92311764706
308.802	0.636896217265
309.811	0.488087215065
310.83	0.42959764475
311.831	0.2733266733275
312.89	1.0334277620399999
313.891	3.71724275725
315.15	0.695409054805
316.171	0.8418413320275
317.181	1.3002772277224999
318.19	1.11175421209
319.191	1.0659740259750001
320.22	0.7444897959175
321.231	0.5953709198825
322.26	0.7179008746350001
323.28	0.5096470588225
324.311	0.769582929195
325.341	0.5688543689325
326.38	0.6319923002875
327.411	0.636896217265
328.431	0.9656470588224999
329.46	1.2762682215749999
330.47	0.758495049505
331.51	0.8418461538450001
332.511	1.094585414585
333.53	1.2069872423949999
334.531	0.9133266733275001
335.54	1.3557978196225
336.56	1.3647058823524998
337.571	1.35643916914
338.59	1.3944651619225
339.62	1.2767378640775
340.621	1.0499900099900001
341.63	1.0304063429149999
342.67	0.9470769230775
343.7	0.7703300970875
344.71	1.0022970297025
345.741	3.2116391852499997
346.791	0.55801904762
347.831	0.5261538461549999
348.852	0.5627424094025
349.861	0.596551040635
350.871	0.7855841584150001
351.891	1.1802352941175
352.911	1.0192941176474999
353.931	1.3143529411775001
354.932	1.2846353646350002
355.951	1.16569185476
356.982	1.300329776915
358.001	1.3424926398425
359.011	1.4086336633675
360.031	1.3143529411775001
361.041	1.354455445545
362.221	0.8211525423724999
363.241	1.23388235294
364.261	1.1802352941175
365.271	1.3002772277224999
366.311	1.131846153845
367.331	0.857725490195
368.351	0.6712156862750001
369.511	0.329655172415
370.792	0.8632006245125
371.873	0.303126734505
372.95	0.483268337975
373.972	0.5621917808225
375.002	0.7437669902924999
376.032	0.6640776699025
377.142	0.36972972973
378.151	0.32539147671
379.211	0.567849056605
380.521	0.5430229007625
381.541	0.536470588235
382.981	0.266
384.003	2.12602739726
385.022	2.6044357213000002
386.031	2.8742913776
387.061	2.3485825242725
388.071	2.5734653465250004
389.082	2.110860534125
390.091	2.30485629336
391.092	2.68995004995
392.101	3.38949454905
393.111	2.1942178217825
394.141	1.1532427184475
395.161	0.9656470588224999
396.171	1.7337029702974998
397.182	3.085103857575
398.183	1.9679520479525001
399.191	0.8798412698425
400.271	0.456
401.296	1.8163512195125
402.336	0.631384615385
403.34	0.40876494024000004
404.346	1.6046123260425
405.347	1.9793006993
406.356	3.362378592675
407.357	2.8425974026
408.366	2.6415064420250003
409.377	3.599287833825
410.496	3.213154602325
411.497	3.63524475525
412.502	3.5118805970249998
413.507	2.35255721393
414.516	2.65736372645
415.527	2.652106824925
416.537	1.8262178217825
417.547	2.2213069306925
418.556	2.3862041625375
419.567	2.192047477745
420.586	1.2462414131500001
421.626	0.6576923076925
422.636	0.487603960395
423.656	0.4291764705875
424.676	1.5841413150149999
425.757	1.3667345050875
426.787	0.61095145631
427.807	0.6437647058825
428.897	0.4769174311925
429.926	0.3456559766775
431.037	0.35499549955
432.057	0.536470588235
433.067	0.5146930693075
434.086	0.42959764475
435.116	0.2921941747575
436.127	1.840237388725
437.147	2.1727058823525
438.307	1.5900689655174998
442.438	0.28486198547249997
443.452	1.18721893491
445.666	0.9144715447149999
446.667	1.8586213786225
447.687	1.23388235294
448.688	1.6672927072925001
449.708	2.11905882353
450.718	3.0994059406
451.788	2.659289719625
452.799	1.9504158415850001
454.098	2.262417244035
455.108	3.4674059406
456.109	3.63524475525
457.118	3.3465213082250003
458.127	4.040277502475
459.128	3.755924075925
460.138	4.7405940594
461.139	4.43924075925
462.157	4.595834970525
463.158	3.4552647352749997
464.159	4.2638961039000005
465.188	3.600544217675
466.189	4.5098901099
467.198	3.915956392475
468.208	4.2259009900999995
469.228	2.7471372549
470.247	1.3424926398425
471.257	0.8939405940599999
472.259	1.6656287425149998
473.278	1.5572914622175
474.327	2.5407816968500003
475.328	2.1866133866125
476.337	4.0786521308250006
477.338	4.72855144855
478.339	4.19324675325
479.348	3.714886025775
480.358	3.8849900990000004
481.378	5.069647058825
482.379	4.3299100899
483.388	5.152031714575001
484.398	3.7766336633749997
485.468	3.50310280375
486.478	3.532831683175
487.487	3.687770069375
488.488	3.18193806195
489.498	4.0091881188
490.617	3.5310098302
491.636	4.000628066725
492.648	3.9742292489999995
493.668	2.3179607843125
494.677	3.1454509415249996
495.797	2.4530178571425
496.807	2.0316831683175
497.818	1.6778635014824999
498.838	2.60188235295
499.848	3.424475247525
500.858	3.4674059406
501.978	2.697285714275
502.988	3.4132277227750003
503.997	2.4946679881075
505.027	0.8765825242725
506.178	1.1508601216325
507.299	1.586440677965
508.309	1.0564752475249999
509.318	2.30485629336
510.327	1.76253716551
511.859	0.8110704960825
512.867	0.5428571428575
513.917	0.49508571428500003
514.927	0.5146930693075
515.937	0.6772277227725
516.947	0.487603960395
517.967	0.774588235295
518.977	0.5992871287125
520.007	0.7437669902924999
521.087	0.4053333333325
522.096	1.22021803766
523.106	0.5688712871275
524.117	0.9584174085075001
525.127	1.9775049504950002
526.146	1.5572914622175
527.466	0.684
528.506	0.9996923076925001
529.546	0.289384615385
530.547	1.0386413586425
532.127	0.4848607594925
533.148	0.6274632713024999
534.268	0.342
535.348	0.456
536.378	0.5312621359224999
537.388	0.460514851485
538.448	0.43879245283
539.507	0.9042492917849999
540.547	1.4469230769224999
541.556	0.8134786917750001
542.586	0.45157281553500006
543.656	0.48583177569999997
544.859	0.27238570241000004
545.866	0.69184890656
546.876	0.62304950495
547.916	0.394615384615
548.917	2.3232767232775
549.927	3.4132277227750003
550.937	2.2867326732675
551.946	1.8710009910799998
552.966	0.670588235295
553.976	2.1150445986125
555.137	1.541567614125
556.138	2.4326073926075003
557.146	3.718571428575
558.147	3.0999400599499998
559.157	2.925623762375
561.026	0.365971107545
562.036	0.8668514851475
563.046	2.45598019802
564.067	0.98485798237
565.1	1.4302420135525002
566.41	1.8374351145049999
567.416	2.4831809145125
568.417	1.8076323676325001
569.418	5.958521478524999
570.427	4.1328840436
571.477	5.03984761905
572.478	4.947212787225
573.536	3.0363705104
574.553	1.022300884955
575.561	7.4219047619000005
576.57	5.5045391476750005
577.579	3.210941526275
578.58	3.197922077925
579.594	4.112504930975
580.599	6.479283582100001
581.6	5.8332067932
582.601	5.3957042957
583.61	5.992626362725
584.612	5.144930139725
585.63	5.440157170925
586.631	5.9311888112
587.64	5.136174430125
588.65	4.562217821775
589.651	6.6145054945
590.659	5.684126984124999
591.66	5.532547452549999
592.67	4.686415841575
593.674	3.9354581673249998
594.68	4.40588469185
595.689	3.3465213082250003
596.7	4.8712166172
597.701	5.2045554445499995
598.72	5.0857703631
599.82	5.581818181825
600.821	5.6851948052
601.829	4.354126984125
602.849	2.7628235294
603.859	1.8691485148525
604.869	2.1241980198025
605.889	1.8508235294125
606.89	1.995284715285
607.891	3.8105894106
608.899	3.6371428571499997
610.32	0.9819563687549999
611.329	0.8948265609524999
612.339	1.5711683168325
613.349	1.6907722772275
614.35	2.651268731275
615.37	2.5214117647
616.38	2.7743366336750004
617.389	4.419900891975
618.4	3.5293372898000004
619.409	1.9794648166500002
620.419	2.1671287128725
621.459	1.1049230769225
622.479	1.0192941176474999
623.48	1.4599800199800002
624.499	1.6109911678125
625.501	1.5291017964074998
626.529	1.43719844358
627.54	1.7049258160225
628.549	3.0482457879
629.55	4.72855144855
630.569	4.065475956825
631.57	4.72855144855
632.579	3.6447968285499996
633.581	4.641916167674999
634.589	3.02410714285
635.593	4.223904382475
636.599	3.302107355875
637.6	3.279920079925
638.649	3.2710772164
639.659	3.684118811875
640.66	1.6946253746250002
641.819	2.394063848145
642.833	0.7824852071
643.859	1.9466666666675
644.866	9.63002979145
645.876	3.9391683168250005
646.885	3.172566897925
647.896	3.5181008902
648.897	3.0999400599499998
649.916	2.4433366045150002
650.925	2.8471754212000002
651.935	2.3138217821775
652.955	2.2531764705875
653.965	2.0587722772275
654.985	2.2106666666675
655.986	2.9245954046
657.015	3.8288046647250003
658.016	3.045274725275
659.025	2.8742913776
660.04	2.6416551724249997
661.045	2.1892139303475
662.046	2.9519280719250003
663.055	3.5521902874249998
664.065	2.9368712871250002
665.105	3.63046153845
666.135	1.7110679611650002
667.136	3.3892507492500004
668.145	4.47413280475
669.146	2.68995004995
670.155	4.2843211100000005
671.156	3.045274725275
672.215	1.05926345609
673.225	2.736
674.256	2.6647526673249997
675.285	3.91237354085
676.295	1.7878811881199999
677.446	2.054144222415
678.475	2.127113702625
679.476	4.48255744255
680.486	3.2619405940500004
681.495	4.82664023785
682.505	4.020435643575
683.525	2.9774117647
684.535	2.693069306925
685.546	4.790029673599999
686.555	3.7532606541250004
687.575	2.0117647058825
688.585	2.3567524752475
689.665	2.61985185185
690.675	3.2506930693000005
691.677	3.8500598802500003
692.687	2.96396039605
693.815	2.3285106382975
694.845	2.7625631068
695.865	0.9499607843125001
696.875	2.62764356435
697.885	2.952712871275
698.895	2.34091089109
699.905	3.1965148514750004
700.915	3.061069306925
701.925	2.9368712871250002
702.935	3.0068910891
704.005	3.7949906542000003
705.015	6.3659405940500005
706.027	3.98545454545
707.115	5.44220588235
708.125	4.4697029703
709.126	5.8332067932
710.135	6.6817839445
711.136	5.466533466525
712.137	4.466573426575
713.145	4.96714285715
714.165	3.846901960775
715.175	3.548673267325
716.176	4.056583416575
717.195	5.289421000975
718.205	5.5374257425749995
719.215	4.2913267326749995
