0.0	0.152
1.204	0.27238570241000004
2.212	5.700634920624999
3.23	4.5801178782
4.231	4.455224775225
5.241	4.182970297025
6.242	5.095224775225001
7.25	5.591428571425
8.26	5.645782178225
9.261	6.133866133875
10.262	6.423176823175
11.27	5.548412698425
12.271	5.395884115875001
13.281	5.797069306925
14.29	5.136174430125
15.3	5.1310891088999995
16.301	5.712527472525
17.31	5.05482656095
18.311	5.532547452549999
19.32	5.992626362725
20.33	5.212356435649999
21.34	5.429069306924999
22.35	5.672871287125
23.351	6.64183816185
24.36	5.9225371655000005
25.361	6.844515484525
26.37	6.84447968285
27.394	6.2365625
28.41	6.355275590550001
29.411	5.28655344655
30.42	5.05482656095
31.421	5.2752047952000005
32.43	4.241347869175
33.431	4.755884115875
34.44	5.298810703675
35.45	3.9279207920749997
36.461	2.82577645895
37.47	4.935104063424999
38.471	5.614545454549999
39.486	5.860571428575
40.49	6.6060557769
41.5	7.0431683168250006
42.51	6.323009901
43.511	6.4071928071999995
44.52	6.085232903874999
45.62	5.208727272725
46.621	7.1064935065
47.63	5.651377601575
48.631	5.6692107892
49.66	5.940369290575001
50.661	6.669170829175
51.67	6.220812685825
52.671	6.270529470525
53.69	5.354268891075
54.7	5.797069306925
55.71	4.48095049505
56.72	4.307168316825
57.73	3.96625742575
58.74	4.7135049505
59.75	3.912079207925
60.751	4.5098901099
61.752	5.2045554445499995
62.76	5.846984126975
63.769	3.4708424182249997
64.77	2.443956043955
65.78	2.4921980198025
66.79	3.548673267325
67.8	2.72015841585
68.809	3.4708424182249997
69.819	1.84205940594
70.839	2.344784313725
71.849	2.0316831683175
72.869	2.5482352941250004
73.88	3.5293372898000004
74.896	2.262047244095
75.91	3.2108875739749996
76.919	4.0786521308250006
77.92	6.286513486525001
78.93	6.025029702975
79.939	6.139464816649999
80.949	3.9279207920749997
81.959	3.0994059406
82.969	3.765386138625
83.97	4.02925074925
84.979	4.3385530228
85.99	2.7174678536
87.0	5.4449108911
88.001	6.29786213785
89.009	6.471269841275
90.02	5.937883283874999
91.031	6.2034059406
92.049	3.639449901775
93.05	4.48255744255
94.051	5.614545454549999
95.06	6.0038850347
96.149	5.03522497705
97.15	4.236563436575
98.151	4.6032367632249995
99.159	5.971428571425
100.16	4.193266733275
101.24	5.1531851851749995
102.249	5.314727452925
103.259	4.535128712875
104.269	4.7405940594
105.27	4.548571428575
106.279	5.0164519326
107.289	4.45386138615
108.299	4.806019801975
109.309	5.390732673275
110.319	4.778930693075
111.329	5.429069306924999
112.33	5.794525474525
113.339	5.02771060455
114.399	4.863245283025
115.409	5.1740198019750006
116.419	4.1287920792
117.429	4.09045544555
118.439	3.559920792075
119.449	3.304871287125
120.459	3.7112079207999997
121.469	3.1264950495
122.479	3.11524752475
123.482	2.5481954137500002
124.489	2.2279245283025
125.499	1.9775049504950002
126.509	2.46510891089
127.519	2.1512871287124997
128.539	2.923764705875
129.549	3.6299405940500002
130.559	3.74954455445
131.569	4.171722772275
132.579	3.7224554455499996
133.599	2.4677647058825
134.69	2.4178918423474998
135.709	1.6109911678125
136.739	1.4875339805825
137.748	1.925232903865
138.749	2.104615384615
139.759	1.7449504950499999
140.768	1.491377601585
141.789	1.125484818805
142.799	0.7855841584150001
143.809	0.62304950495
144.819	1.5440792079199999
145.828	1.6811892963325001
146.848	0.7621960784325
147.852	1.1717928286850001
148.859	2.0649056603775002
149.868	2.033696729435
150.888	2.1301960784325
151.889	2.6786013986
152.899	2.8172673267249997
154.038	2.3400000000000003
155.039	3.4165834165749995
156.049	4.2259009900999995
157.058	3.861724479675
158.059	3.115924075925
159.079	1.5557647058825
160.088	1.85514370664
161.109	2.7601175318249997
162.128	2.3627870461225
163.138	1.907485148515
164.148	2.46510891089
165.149	2.9245954046
166.168	2.26653581943
167.178	1.9233267326725
168.188	2.1671287128725
169.189	2.0772827172825
170.208	2.1591364082425
171.209	4.0999000999
172.219	4.941465346525
173.229	5.36364356435
174.238	4.7294350842499995
175.279	4.610336215175
176.288	4.50124876115
177.308	3.712784313725
178.318	2.46510891089
179.328	2.62764356435
180.348	2.0117647058825
181.349	2.4712887112875
182.358	2.19639246779
183.388	1.7000388349525
184.398	1.3273663366325001
185.408	1.7720396039600002
186.429	2.5457394710999997
187.438	2.5760158572750003
188.448	1.7878811881199999
189.458	1.5553267326725
190.488	0.9031456310675
191.518	0.584388349515
192.568	0.599314285715
193.628	0.49041509433999997
194.663	4.2188007737
195.693	0.61095145631
196.703	0.7043168316825
197.713	0.758495049505
198.743	0.61095145631
199.763	0.61694117647
200.773	0.758495049505
201.803	0.7968932038825
202.843	1.026
203.853	0.758495049505
204.883	0.6906407767
206.163	0.47912499999999997
207.173	0.7855841584150001
208.183	0.8939405940599999
209.216	0.847550822845
210.242	0.877580487805
211.243	0.7686713286725
212.292	0.5738036224975
213.303	0.6224332344225
223.338	0.2535605381175
224.345	2.1033565044675
225.356	3.1121661721
226.376	2.9617254902
227.385	3.5793062438
228.395	3.684118811875
229.396	3.86525474525
230.406	4.794772277225
231.415	3.536333002975
232.416	2.815264735275
233.426	2.0767524752475
234.435	1.94560951437
235.466	1.80453928225
236.495	0.7179008746350001
237.515	0.8047058823525
238.516	1.4486313686325
239.526	1.5553267326725
240.545	2.5507360156999996
241.556	3.193353115725
242.565	3.1296134787
243.585	2.4677647058825
244.586	2.15928071928
245.596	2.828514851475
246.605	3.76911793855
247.636	2.972182347225
248.645	2.994013875125
249.655	2.2213069306925
250.675	1.7971764705875002
251.685	1.1106534653475
252.695	0.92102970297
253.71	1.45560591133
254.972	4.4972424722749995
255.982	3.4674059406
257.062	4.342518518525
258.063	5.302537462525
259.072	4.16
260.083	5.1959643917
261.092	5.02771060455
262.142	4.5187047619
263.144	4.5600000000000005
264.152	3.4471428571500002
265.162	2.34091089109
266.172	2.3296633663375
267.182	1.7878811881199999
268.202	1.50211764706
269.212	1.5282376237625002
270.222	1.8691485148525
271.232	1.7607920792075
272.242	2.0316831683175
273.252	1.6907722772275
274.253	1.803956043955
275.292	1.3429836381125
276.312	0.8315294117650001
277.322	1.0022970297025
278.332	1.7878811881199999
279.342	1.0677227722775
280.372	1.1422135922324999
281.392	1.368
282.413	1.6882272282075
283.432	1.718390579
284.471	1.4329162656399999
285.472	1.7766233766225001
286.512	1.0523076923075
287.541	0.7710787172
288.572	0.6899709020375
289.612	0.6576923076925
290.671	0.5167138810199999
291.672	0.5466533466525
292.681	2.2618830525274998
293.692	3.896973293775
294.711	2.9534838076499996
295.713	2.5234331337249998
296.721	3.691428571425
297.732	3.55639960435
298.741	1.9794648166500002
299.742	2.623936063925
300.751	1.382913776015
301.761	1.19192079208
302.771	2.1512871287124997
303.772	2.2686113886125
304.781	3.0912190287500003
305.793	3.363636363625
306.802	2.71159563925
307.811	2.91266600595
308.812	2.2412787212775003
309.822	3.7112079207999997
310.833	3.4481503462000003
311.841	3.4200000000000004
312.842	3.70123876125
313.852	5.09275247525
314.862	4.182970297025
315.872	3.0339801980249996
316.931	3.446874409825
317.941	2.43801980198
318.951	1.9504158415850001
319.957	7.110298210725
321.047	4.101871559625
322.048	4.783216783225
323.057	3.915956392475
324.058	4.837882117875
325.067	4.214231912775
326.068	5.0018781218749995
327.077	3.183825569875
328.087	2.952712871275
329.088	4.27524475525
330.089	2.54193806195
331.097	2.7414285714249997
332.098	3.0726073926
333.108	3.84665346535
334.539	2.4934730957375
335.547	4.5600000000000005
336.557	4.3725940594
337.567	4.63223762375
338.577	4.6163960396
339.587	5.4449108911
340.589	5.117445109775
341.667	3.5130241187499998
342.677	4.767683168325
343.687	3.4785940593999998
344.688	3.0885914086
345.697	4.17585728445
346.707	4.670633663375
347.727	4.195607843125
348.738	5.1147774480749995
349.747	4.4853914767
350.748	4.236563436575
351.757	4.241347869175
352.767	6.221386138625
353.787	6.162745098049999
354.788	6.379880119875
355.789	6.352527472525001
356.797	6.471269841275
357.798	6.969830169825
358.799	6.54385614385
359.817	6.40770137525
360.827	4.3725940594
361.837	4.415524752475
362.857	4.22243137255
363.867	5.1198415841500005
364.868	4.35724275725
365.869	6.899180819175
366.877	6.568571428575
367.878	5.9972027972
368.887	5.678493557974999
369.888	6.215864135875
370.889	6.899180819175
371.897	7.7085714285749996
372.898	7.172507492499999
373.899	7.363836163825001
374.907	7.1498412698500005
375.908	7.145174825175
376.917	6.7088999009000005
377.918	6.215864135875
378.937	6.470814524050001
379.948	5.098951533125
380.949	5.395884115875001
381.957	6.27
382.967	4.020415841575
383.976	3.877581764125
384.977	4.1659140859249995
385.987	5.564514851475
386.988	5.302537462525
387.997	5.75984142715
389.017	7.253490196075
390.027	7.379485148525
391.029	7.356487025950001
392.049	7.280313725500001
393.077	7.22365758755
394.078	8.090469530475
395.087	6.9800594648250005
396.088	6.62585414585
397.107	6.42826300295
398.117	5.618693069300001
399.127	7.1898613861500005
400.137	7.151524752475
401.138	5.887872127875
402.147	7.22410307235
403.148	7.0905094905
404.149	7.03584415585
405.156	7.347130089375
406.197	6.634082612875
407.207	4.4697029703
408.208	3.86525474525
409.217	6.182438057475
410.218	5.4779020979
411.267	4.2361105815
412.277	6.58265346535
413.278	6.844515484525
414.286	6.7969841269749995
415.287	6.981178821175
416.296	6.763131813675
417.308	6.542608695649999
418.316	4.86984126985
419.317	7.145174825175
420.318	7.0631768231750005
421.327	6.84447968285
422.348	7.139196865825
423.356	6.840000000000001
424.357	6.653186813175001
425.358	5.395884115875001
426.366	6.498412698425
427.374	7.1226984127
428.376	7.2086227545
429.377	6.2431968032
430.389	5.932015810275
431.396	4.983356504475
432.406	5.282376237625001
433.407	5.2045554445499995
434.426	5.757016683025
435.436	6.284673267325001
436.447	6.26263105835
437.467	7.0925490196
438.476	7.142755203175
439.477	7.227172827175
440.486	6.329276511400001
441.496	7.58495049505
442.497	3.9359040959000002
443.506	4.756551040625
444.516	4.388435643575
445.526	4.3725940594
446.527	5.329870129874999
447.536	5.43444995045
448.537	4.52123876125
449.538	5.493866133875
450.556	5.1713948919499995
451.567	5.0606528189999995
452.576	4.5125074331
453.596	4.061490196075
454.597	4.072567432575
455.606	4.593855302275
456.616	3.35904950495
457.625	4.0786521308250006
458.626	4.81054945055
459.627	3.9472527472500003
460.644	3.551150442475
461.646	3.6589221557
462.647	3.4825974026
463.666	3.08773307165
464.675	2.668622398425
465.676	3.0065934066
466.945	0.43120567376
467.946	1.0386413586425
468.956	1.7878811881199999
469.957	1.9793006993
470.966	2.5488999009000004
471.976	1.5711683168325
472.996	1.5507450980400002
474.026	1.3972815533975
475.046	2.3068235294125
476.076	2.975067961175
477.086	2.302574257425
478.108	2.4205088062624998
479.116	1.574285714285
480.126	1.9775049504950002
481.146	1.153411764705
482.206	0.6969056603775001
483.296	0.3869357798175
484.336	1.315384615385
485.355	1.154543670265
486.367	1.0526482213450001
487.376	2.22525272547
488.476	2.12450909091
489.486	2.1942178217825
490.506	2.199529411765
491.527	2.3045641527925
492.546	1.6489892051025001
493.576	2.4438058252425
494.586	1.81497029703
495.596	1.4086336633675
496.606	1.0564752475249999
497.836	0.85450406504
498.856	1.4216470588224999
499.875	1.9030421982324999
500.905	1.623611650485
501.975	0.7926728971975
502.995	0.5654901960775001
504.015	0.93694117647
505.375	0.5512941176475
506.376	1.995284715285
507.395	2.5238861629
508.406	2.1668842729974997
509.415	2.5853716551
510.416	2.04995004995
511.435	2.013738959765
512.455	2.60188235295
513.456	2.3072927072925
514.466	3.7382970297
515.475	3.373637264625
516.476	4.045234765225
517.477	3.6192607392499996
518.495	3.4132809430249997
519.525	3.08132038835
520.526	3.127272727275
521.528	4.205029940125
522.545	3.64302851525
523.555	4.57805940595
524.556	3.18193806195
525.565	4.040277502475
526.566	3.5919280719250004
527.575	4.067393458875
528.576	4.8218981019000005
529.577	5.8491908092
530.585	5.0869841269750005
531.586	4.9038961039
532.587	6.095184815175
533.595	5.00555555555
534.596	4.4119080919
535.605	4.962220019825
536.616	4.070583580625
537.617	4.5098901099
538.635	3.6125736738749996
539.645	4.33425742575
540.646	3.673926073925
541.655	4.013161546075
542.675	3.0421960784250004
543.685	3.684118811875
544.835	3.792678260875
545.836	4.209230769225
546.915	3.66190917515
547.916	4.4005594405499995
548.925	3.2810307235000002
549.935	3.3432079208
550.945	3.819564356425
551.955	2.9910495049500003
552.956	3.963236763225
553.965	3.2380574826500004
554.966	4.31856143855
555.975	3.2380574826500004
556.985	3.4132277227750003
558.005	2.4141176470600003
559.085	2.0878518518524998
560.095	4.767683168325
561.105	3.424475247525
562.115	3.7382970297
563.116	3.990569430575
564.125	3.536333002975
565.135	3.4132277227750003
566.145	3.397386138625
567.155	5.1740198019750006
568.156	4.685234765225
569.265	4.1302795311
570.275	5.038574257425
571.276	4.056583416575
572.284	4.858571428575
573.304	2.827607843125
574.314	3.440316831675
575.315	3.79924075925
576.316	3.2366033966
577.324	4.15285714285
578.335	4.016458951525
579.455	2.9558571428500002
580.456	2.4712887112875
581.464	5.238571428575
582.465	4.3299100899
583.466	4.5918881118999995
584.475	5.38021803765
585.485	5.23944554455
586.505	5.740235294125
587.514	3.5905649157500004
588.685	5.1265584969999995
589.694	5.152031714575001
590.695	4.2205794205750005
591.705	4.84895049505
592.706	4.02925074925
593.709	5.94664007975
594.724	4.51278817735
595.734	5.45615841585
596.735	6.23184815185
597.745	5.158178217825
598.754	4.810782953425
599.755	5.876523476525
600.756	4.6032367632249995
601.764	4.598412698425
602.774	5.09275247525
603.775	4.384575424575
604.785	4.171722772275
605.794	2.7228543112
606.814	2.816470588225
607.824	2.43801980198
608.827	0.32669990029999996
609.834	4.820973187675
610.844	2.7630891089
611.924	2.4678518518525
612.944	2.9505882353
613.974	2.0984854368925
614.984	2.7089108911
615.994	1.907485148515
617.024	1.91254368932
618.034	1.6253465346525
619.065	1.00841901067
620.094	0.425422740525
621.154	0.6452830188675001
622.167	0.648213228035
623.174	0.31014895729999997
624.194	0.8047058823525
625.267	0.6374650512575
626.284	0.88778761062
627.292	1.0314285714275
628.294	1.2560479041925
629.344	0.9901714285725
630.385	0.9464745437075001
631.394	0.86739345887
632.414	0.976784313725
633.461	0.914613180515
634.514	0.8834188034199999
635.554	0.6576923076925
636.563	0.97617443013
637.583	0.670588235295
638.593	0.6772277227725
639.843	0.393984
640.853	1.1648316831675
641.903	0.584076190475
642.914	0.6494955489625
643.936	0.9905283757350001
645.474	0.3024187256175
646.493	1.664690873405
647.504	1.7590504451050002
648.505	3.18193806195
649.514	5.3689593657
650.524	4.697663366325
651.525	5.302537462525
652.534	3.7803766105
653.544	2.0858613861375
654.545	2.2412787212775003
655.554	3.0482457879
656.563	4.365668979175
657.575	3.09330039525
658.603	2.209027237355
659.623	0.912
660.663	0.8418461538450001
661.683	0.912
662.735	0.46813688213
663.803	0.25617977528
664.806	0.2908673978075
665.895	0.2701377410475
666.973	0.5588857938724999
668.013	1.026
669.064	0.3644529019975
670.073	0.9182953419225
671.083	0.6266930693075
672.103	0.9656470588224999
673.133	0.53250485437
674.143	0.43215841584250003
675.153	0.5688712871275
676.204	0.46858230257
677.303	0.373430391265
678.313	1.0406336633675
679.324	1.8672997032649998
680.354	1.5937864077675001
681.393	0.8689894128975
682.403	1.0266930693075
683.41	1.1981727904675001
684.413	1.2387836490525
685.428	2.21036453202
686.433	3.348537313425
687.434	4.65796203795
688.443	4.88087215065
689.446	3.6120438684
690.453	2.010566037735
691.463	2.1129504950499998
692.483	1.6741960784324998
693.503	1.9312941176474998
694.513	1.9775049504950002
695.533	1.7167058823525
696.585	2.0393916349800003
697.593	2.87714285715
698.603	3.9008316831750003
699.613	3.316118811875
700.633	3.8894117646999997
701.663	2.1626407767
702.673	3.2236039604
703.693	2.0922352941174998
704.703	3.072316831675
705.706	4.6645663011
706.713	4.983356504475
707.723	4.550970297025
708.733	2.1783762376249998
709.743	3.548673267325
710.763	4.094960784325
711.773	3.4877821782250003
712.774	4.537222777225
713.783	2.912606541125
714.793	4.307168316825
715.803	4.37265346535
716.812	4.3114370664
717.813	4.3299100899
718.833	3.9162352941250003
719.843	2.8826930693
