0.0	3.65083564356
1.005	5.2999960199
2.01	1.95152238806
3.021	3.52003165182
4.141	2.76562857142
5.143	5.43702994012
6.151	4.38258730158
7.152	5.09928471528
8.153	4.70857142858
9.161	6.38414285714
10.261	4.86052237442
11.262	4.8806073926
12.271	3.23422001982
13.272	4.66515884116
14.281	3.70156590684
15.291	2.62222574258
16.301	2.64754059406
17.311	2.7032079208
18.441	2.5749380531
19.465	3.141625
20.471	2.98532007952
21.481	2.70777029702
22.491	2.31974653466
23.521	2.86881553398
24.651	1.052092035398
25.661	3.22902178218
26.681	2.11755294118
27.701	2.10296470588
28.711	1.754883168316
29.712	4.04523476524
30.721	2.54476114966
31.722	3.58674925074
32.723	4.26971428572
33.731	3.20658730158
34.732	3.8047072927
35.741	2.7824777007
36.761	3.4462745098
37.762	3.64008791208
38.771	3.8483567889
39.781	2.7983049505
40.801	2.83786138614
41.812	3.9079248269
42.882	3.52720747664
43.883	4.8304015984
44.891	3.09865079366
45.911	4.16848364718
46.912	4.39253546454
48.112	5.07526666666
49.152	5.41032307692
50.153	5.99132067932
51.162	4.55094549058
52.163	4.54997802198
53.172	3.52956194252
54.173	4.11083316684
55.182	3.09518334986
56.192	3.7517764471
57.193	3.1011068931
58.282	2.85490541782
59.283	2.88632967032
60.782	1.951050033356
61.792	8.4236039604
62.802	3.06713663366
63.812	2.90173465346
64.822	4.01623762376
65.992	3.32598974358
67.092	3.3358690909
68.093	3.8047072927
69.102	3.1642259663
70.103	3.08721678322
71.123	2.9184
72.142	2.64207262022
73.155	3.00956367226
74.162	3.15064945382
75.163	3.8703056943
76.293	2.57143470484
77.302	3.31899306244
78.352	2.24530285714
79.353	3.8047072927
80.362	3.51105649158
81.382	4.0348543112
82.383	2.94436763236
83.393	3.72746138614
84.402	3.28889593658
85.403	3.89217182818
86.413	3.1926970297
87.423	4.0742019802
88.433	3.34981386138
89.434	3.10604595404
90.443	4.01316154608
91.453	3.1436487026
92.463	4.50762772278
93.464	3.3373986014
94.473	3.32876114966
95.484	4.3299703264
96.493	3.84840436076
97.494	4.41695904096
98.503	3.2846937562
99.504	3.19536463536
100.513	3.53831516352
101.523	4.44261386138
102.524	3.58764435564
103.533	3.53393855302
104.543	3.6207049505
105.623	4.13522962962
106.643	4.27771428572
107.644	3.41581618382
108.653	4.27347472746
109.654	3.9640999001
110.694	3.84213846154
111.713	4.94595044598
112.714	4.25427372628
113.715	4.0280999001
114.724	4.02553022794
115.733	4.3602457879
116.744	4.0555772682
117.753	2.97190882062
118.764	1.426848664688
119.783	2.04058881256
120.794	2.66293175074
121.883	2.97334328358
122.884	2.7114005994
123.896	3.07124110672
124.903	2.63003773584
125.904	1.737078921078
127.024	3.65944285714
128.047	4.34336656892
129.054	3.01230585898
130.083	4.49551797862
131.084	4.11083316684
132.114	2.57505882352
133.115	3.25743056944
134.116	4.78868331668
135.124	2.95166666666
136.134	3.66244752476
137.164	2.46776470588
138.174	1.717275247524
139.215	2.41798270894
140.234	2.75212573674
141.245	1.431802176064
142.344	3.2411617647
143.494	2.75759304348
144.504	3.37123168316
145.514	4.47001980198
146.524	3.77542970298
147.654	2.7486300885
148.694	3.51303076924
149.695	4.37322677322
150.705	4.0149069307
151.706	3.29283516484
152.714	3.99542857142
153.784	3.09659813084
154.794	3.90083168316
155.797	4.12445862412
156.804	3.37302879842
158.014	4.1275455305
159.015	5.05107692308
160.016	3.8731028971
161.415	1.63565975697
162.424	2.40789692766
163.434	2.21047128712
164.69	1.321006369426
166.004	0.549698630136
169.415	1.596200527704
170.425	1.907073267326
171.485	1.9176
172.495	4.03085940594
173.515	2.11996862746
174.544	1.36135276968
175.595	0.812209324452
176.615	0.85217254902
177.625	1.19192079208
178.645	0.987105882352
179.655	0.866851485148
180.685	0.382508737864
181.715	0.386827184466
182.887	0.223672354948
183.925	4.3945072324
184.926	3.80798401598
185.927	3.55032167832
186.935	2.07866666666
187.936	2.77194805194
188.946	2.21305346534
189.955	2.42273934588
191.195	1.986722580646
192.246	2.19224357754
193.263	2.34591150442
194.265	1.463568862276
195.275	1.306363273454
196.317	1.554426103646
197.325	3.51771428572
198.326	3.96942257742
199.327	3.84882317682
200.355	3.27532743362
201.516	4.04142635658
202.517	4.48433166834
203.696	3.69712637828
204.816	4.6158927614
205.826	4.53183366336
206.827	5.96945454546
207.828	5.40314085914
208.846	5.33678585462
209.847	4.3950929071
210.868	4.26502077152
211.876	3.80612698412
212.886	4.78935445544
213.906	3.14508235294
214.932	4.52266666666
215.936	3.63139442232
216.946	3.3157069307
217.956	3.50746930694
218.957	3.4433086913
219.958	4.3950929071
220.967	3.71853746254
221.976	3.25772051536
222.996	3.71237647058
224.006	2.47073267326
225.016	2.60055445544
226.036	2.25221178822
227.096	1.289645283018
228.116	1.008564705882
229.126	2.51386930694
230.136	1.70956039604
231.166	1.503591756624
232.168	1.21805988024
233.186	0.838538310412
234.376	1.852840336134
235.379	3.66974277168
236.386	3.16939821252
237.406	1.566494117648
238.407	2.01857342658
239.676	1.542758077226
240.677	1.793022977022
241.697	2.36047058824
242.717	1.35488627451
243.753	2.46239688716
244.808	0.560166824644
245.862	0.37379886148
246.896	0.97374081238
247.915	0.511057899902
249.152	1.614108502024
250.458	1.893586523736
251.558	1.887985454546
252.568	1.906328712872
253.759	2.01951973132
254.768	2.2193062438
255.788	1.568094117648
256.818	1.678166990292
257.838	1.287529411764
258.839	1.20672927073
259.848	2.80800792864
260.849	2.9411068931
261.858	3.71550445986
262.998	2.35204210526
264.049	3.30772216936
265.05	4.80097502498
266.059	4.20365510406
267.068	4.18968483648
268.069	3.43178421578
269.116	3.63959503342
270.179	4.30139604892
271.181	5.4005269461
272.189	4.7124920635
273.205	5.6228031496
274.208	4.35582851446
275.268	2.31269433962
278.072	0.312239657632
279.139	0.584052483598
280.149	3.11703762376
281.15	3.91135264736
282.169	4.33318940138
283.389	5.08715441784
284.739	4.42388148148
285.74	5.87028971028
286.75	5.85422574258
287.759	5.9765629336
288.761	6.26794411178
289.769	5.1800952381
290.771	4.9346267465
291.889	4.26550268336
293.01	4.2711721677
294.011	3.99883316684
295.019	3.9282063492
296.029	3.56098217822
297.149	3.8607
298.15	4.78868331668
299.16	3.80682772278
300.179	4.40337585868
301.189	3.07616633664
302.208	3.2649421001
303.22	2.63867193676
304.229	3.2539147671
305.239	1.691706930694
306.249	2.05877227722
307.26	2.01343620178
308.27	2.52904554456
309.309	3.32475949368
310.349	0.80856923077
311.53	0.444802709568
312.55	2.42484705882
313.559	1.47510802775
314.56	2.43877722278
315.569	1.80049950446
316.57	2.01168431568
317.571	2.9727072927
318.58	2.9063865213
319.629	1.057391304348
320.659	1.062524271844
321.679	0.879811764706
322.68	0.977982017982
323.9	2.4991577209
324.91	3.83581782178
325.92	2.93222970298
326.93	3.77197623762
327.94	3.30523564356
329.141	3.15943624162
330.15	3.69462041626
331.161	3.76394065282
332.17	2.8485074331
333.171	3.45638361638
334.2	3.29099705014
335.21	2.36217029702
336.222	2.41124110672
337.24	2.3688015717
338.241	3.06571828172
339.251	1.623496503496
340.27	1.156098135426
341.3	1.317530097088
342.306	1.162751491054
343.32	1.144047337278
344.34	1.547856573706
345.381	1.296645533142
346.382	2.47087312688
347.39	2.97238095238
348.401	2.5278892186
349.433	3.10765490196
350.441	2.54538095238
351.58	1.719992976294
352.591	2.2299347181
353.601	1.654003960396
354.602	2.76192607392
355.61	2.85444444444
356.631	3.02273065622
357.64	2.96231516352
358.651	2.54252818992
359.652	2.6289070929
360.662	3.0123089109
361.671	1.966794846382
362.691	2.66089411764
363.701	2.70891089108
364.721	1.489701789264
365.731	2.88228118812
366.742	3.09034223542
367.751	2.20944301288
368.841	1.884741284404
369.891	2.68940190476
370.931	2.39926153846
371.951	0.817584313726
372.991	0.357784615384
374.211	0.269114754098
375.311	0.238778181818
376.335	0.342
377.625	0.219559689922
378.626	0.699716283716
379.635	0.923306243806
380.885	0.8878336
381.886	1.345166833166
382.896	1.529932673268
383.906	1.433647524752
384.915	1.544547076314
385.916	2.22823576424
386.917	2.56704895104
387.919	2.60012774452
389.057	2.31249209138
390.058	3.81057342658
391.066	3.1272063492
392.196	3.04374285714
393.206	3.73907326732
394.207	3.92656943056
395.217	3.47754455446
396.218	3.34668531468
397.247	4.54481488736
398.257	3.09956435644
399.446	2.9883666947
400.466	2.44630588236
401.47	2.520812749
402.536	2.3985891182
403.537	3.62977822178
404.546	1.344888007928
406.557	0.468017901542
407.578	3.61781782566
408.587	3.12394846382
409.757	2.71406495726
411.167	2.96007943262
412.177	3.89322772278
413.187	3.80544950496
414.198	3.78772700296
415.256	3.53996219282
416.336	3.25204444444
417.347	3.0367082097
418.367	2.99552941176
419.368	3.69537662338
420.377	3.06817839444
421.378	3.34551848152
422.407	2.10532944606
423.417	4.11754455446
424.427	2.8898059406
425.428	3.62977822178
426.497	3.05716744622
427.507	4.20422970298
428.517	2.45333861386
429.527	3.68411881188
430.537	2.63866930694
431.538	3.41111688312
432.547	2.34386521308
433.567	3.35904950496
434.577	2.68134653466
435.578	2.60961438562
436.579	2.66766833166
437.597	1.99132416503
438.598	2.13822977022
439.767	2.36679555176
440.917	2.55102608696
441.92	3.52017547358
442.938	3.41837328094
444.078	2.83587368422
445.079	3.1624055944
446.188	3.72348422002
447.189	3.69537662338
448.198	3.11043805748
449.207	3.08532011892
450.208	2.80911088912
451.367	3.39143399482
452.428	3.2696399623
453.527	3.1193011829
454.538	2.83801384768
455.54	2.70997205588
456.658	3.22276923076
457.678	3.92696470588
458.679	2.70607792208
459.687	2.41417460318
460.688	3.45484915084
461.689	2.85837362638
462.698	3.58398414272
463.699	3.56417982018
464.708	1.557518334986
465.758	1.063131428572
466.767	1.14971655104
467.778	1.645388724036
468.808	1.275029126214
470.127	0.304048521608
471.167	3.68893846154
472.177	2.83055841584
473.178	3.89712687312
474.207	2.68283770652
475.217	3.41685544554
476.227	2.71925544554
477.23	2.40912462612
478.257	3.20527040314
479.258	4.62895504496
480.268	4.97964356436
481.277	4.10616451932
482.287	4.49831287128
483.298	6.2630667996
484.308	5.33113663366
485.318	5.14488712872
486.327	3.45971060456
487.328	5.553998002
488.337	4.75938461538
489.338	5.19357442558
490.34	5.89397205588
491.341	5.4014945055
492.343	5.47915369262
493.358	6.84037562438
494.368	4.4566970297
495.389	6.02678158668
496.398	4.4028095238
497.408	4.59431287128
498.488	2.81767330678
499.498	3.51074851486
500.508	3.15367920792
501.509	4.35136063936
502.528	1.902210009814
503.548	3.9241434263
504.549	3.8518921079
505.55	5.18227372628
506.639	4.63422589532
507.64	6.8820939061
508.649	6.5343270565
509.65	7.41643956044
510.658	6.42357142858
511.659	6.11594805194
512.668	7.9178592666
513.678	5.21245154846
514.679	4.93874125874
515.688	4.09867988108
516.69	4.29055489022
517.698	4.26322222222
518.699	4.11113686314
519.918	4.63825165562
520.919	5.46653346654
521.928	2.44129236868
522.939	2.05673590504
523.949	1.538661386138
524.978	1.212454810496
526.209	0.711226645004
527.23	1.290562193928
528.248	0.473021611002
529.252	0.566820717132
530.288	1.162007722008
531.969	0.859069601428
532.989	2.15297254902
533.992	2.53141375872
534.999	2.16510029792
536.009	2.860609901
537.01	1.873918081918
538.059	2.04209723546
539.069	1.755374257426
540.099	1.530034951456
541.209	0.216446846846
542.229	0.493552941176
543.954	0.22839652174
544.997	3.47902588686
545.999	3.46288223552
547.009	2.60074455446
548.02	3.53452818992
549.029	2.7643369673
550.079	2.87411809524
551.099	3.99296825396
552.1	4.001006993
553.101	3.63275124876
554.111	3.48632079208
555.129	3.66917092338
556.15	3.5335029821
557.159	3.18544301288
558.16	3.52652147852
559.23	3.36363364486
560.231	3.60791208792
561.249	1.755507936508
562.269	0.75105882353
563.279	0.758495049504
564.58	0.235535741738
565.588	2.44884126984
566.628	2.2312
567.648	2.14588235294
568.649	1.55613986014
569.668	1.890229636898
570.788	1.470585714286
571.794	1.174902584494
572.799	1.00183880597
573.808	1.214794846382
574.819	1.394611275964
575.82	1.180771228772
576.828	0.78261904762
577.879	0.708079923882
578.9	0.471631733594
579.938	0.611514450868
580.959	0.687059745348
581.969	1.061893069306
582.979	0.612467326732
584.069	0.7375853211
585.129	0.805313207548
586.189	0.371683018868
587.199	0.254368316832
588.279	0.717762962962
589.369	1.138348623854
590.389	1.137317647058
591.409	1.653333333334
592.418	1.20225173439
593.419	1.624103896104
594.429	2.06775445544
595.529	2.1781090909
596.53	3.28856743256
597.549	2.66942239686
598.779	2.78040360952
599.789	2.20788910892
600.799	1.907073267326
601.899	0.750647272728
602.9	2.79375024976
604.059	1.668010443864
605.099	1.346953846154
606.109	0.650138613862
607.36	0.793042366108
608.819	1.125340644276
609.839	1.868749754662
610.849	0.536982178218
611.85	1.626837162838
612.859	1.430723488602
613.871	2.01176284584
614.9	1.659148688046
615.913	0.972540967424
616.919	2.04734791252
617.92	2.14563036964
618.93	2.64057029702
619.939	2.39655896928
621.009	2.7515364486
622.019	3.9603960396
623.02	5.31347052948
624.031	4.38023343224
625.08	4.1085986654
626.112	2.67237209302
627.113	3.4697942058
628.12	3.84247864946
629.121	3.9726993007
630.131	3.86613861386
631.132	3.80702497502
632.311	3.69149315068
633.321	5.48283564356
634.322	4.6104935065
635.37	3.95297709924
636.371	5.226005994
637.392	3.75850497018
638.4	4.56
639.41	3.81764752476
640.411	3.90491108892
641.412	4.70121878122
642.44	3.4482276742
643.451	4.11924826904
644.52	4.46566136576
645.521	4.1982977023
646.522	3.93694305694
647.54	4.54650545094
648.651	4.22261746174
649.66	3.86131219028
650.67	2.98784950496
651.715	3.6445090909
652.72	2.26433466136
653.741	1.093328109696
654.806	0.36993802817
655.812	0.892055666004
656.82	0.955428571428
657.861	0.609354085604
658.881	0.515011764706
659.92	0.463461020212
660.931	0.671145400594
661.96	1.330332361516
662.981	1.305447316104
664.47	0.69916453996
665.491	1.500646425074
666.501	1.21196039604
667.511	1.885401980198
668.52	1.559135777998
669.521	1.836755244756
670.541	0.9344
671.591	2.95014095238
672.671	2.36084444444
673.703	3.95786046512
674.831	2.92990408526
675.832	3.71815384616
676.841	3.6763369673
677.851	2.5654019802
678.861	3.34105346534
679.862	3.42243356644
680.871	3.27803369672
682.052	3.44849957228
683.232	3.8418440678
684.331	3.69921747042
685.352	3.27332419196
686.431	3.58640222428
687.432	3.81941258742
688.632	3.66185333334
689.633	4.37322677322
690.642	3.31715361744
691.643	2.59057742258
692.781	3.07476977152
693.782	3.91403796204
694.783	3.09591208792
695.791	3.16122222222
696.792	3.8047072927
697.812	3.07317576962
698.821	2.82112190288
699.822	3.32365234766
700.832	3.18956039604
701.841	3.62269177404
702.862	2.62173689416
703.871	2.73328840436
705.042	2.21013151152
706.052	3.42406336634
707.073	3.85880509304
708.082	2.55874727452
709.092	3.66244752476
710.112	3.10522352942
711.122	3.83581782178
712.322	3.04098666666
713.332	3.4023920792
714.333	3.56417982018
715.352	3.1379784102
716.362	4.16088712872
717.372	2.94512475248
718.373	3.69537662338
719.382	2.8484122894
