0.0	3.2927049505
1.001	3.90141058942
2.06	0.48847592068
3.061	0.546653346654
4.13	0.451158091674
5.39	0.77081904762
6.412	0.970677103718
7.431	1.454349705304
8.591	2.08113103448
9.6	2.44796828544
10.601	2.1004915085
11.61	2.43942120912
12.82	1.736383471074
13.83	2.68652673268
14.839	2.55035877106
15.84	2.6873926074
16.841	1.9196003996
17.842	2.60395604396
19.091	1.99907766213
20.291	2.49089333334
21.292	2.46876323676
22.293	2.66266533466
23.3	2.67802184708
24.48	2.11595932204
25.482	2.70931736526
26.68	2.2505509182
27.82	2.3284631579
28.821	2.02806793206
29.97	2.20106527416
30.979	2.04389296334
32.039	1.717947169812
33.04	2.04731268732
34.239	2.63578315262
35.251	2.57245849802
36.44	2.26466610598
37.461	2.69254456416
38.481	2.96395294118
39.86	1.805087744742
40.959	2.83660054596
42.14	2.42857239628
43.16	2.46847058824
44.219	2.4343871577
45.46	2.2305882353
46.59	2.11436460176
47.61	2.22235294118
48.75	2.19197192982
49.84	1.542458715596
50.841	1.70169030969
51.919	1.941565862708
52.97	2.56105042816
54.12	2.44613565218
55.129	1.90314370664
56.166	1.08455930569
57.25	2.39591143912
58.251	2.7406993007
59.26	2.43096927652
60.261	2.63085714286
61.46	2.0437030859
62.6	2.89089122808
63.601	3.7313086913
64.61	1.795219028742
65.63	2.3222117647
66.631	1.887088911088
67.709	1.768
68.719	1.397702970298
69.72	1.575048951048
70.74	1.849882352942
71.741	1.70435964036
72.75	2.12536769078
73.759	2.14791674926
74.769	2.18156039604
75.829	2.54433238904
76.83	2.66624575424
77.839	1.482196233894
78.909	1.67868411215
80.01	1.899567665758
81.019	1.644241823588
82.029	1.558194059406
83.039	1.60358019802
84.041	1.633948103792
85.049	1.195015873016
86.05	1.892107892108
87.059	1.537379583746
88.069	1.11980990099
89.129	1.363516981132
90.229	2.04929454546
91.37	2.03474846626
92.379	2.20053121902
93.38	1.99016983017
94.39	1.886067326732
95.399	1.810521308226
96.428	1.878048590864
97.45	1.67431702544
98.459	2.53115873016
99.469	1.841742574258
100.479	2.20792079208
101.539	1.403426415094
102.579	2.2916923077
103.589	2.77810109018
104.78	1.703455919396
105.839	1.70949197356
106.849	1.845132673268
107.939	1.830605504588
109.069	1.765890265486
110.079	2.05367128712
111.089	2.1218059406
112.099	2.0997069307
113.339	1.398541935484
114.34	1.998161838162
115.349	2.46636273538
116.558	2.2383986766
117.579	2.8158432909
118.739	2.62151724138
119.75	2.59109792284
120.759	2.2781209118
121.799	1.54803076923
122.809	2.12443564356
123.81	2.18771628372
125.059	1.767634907926
126.167	2.35994223826
127.179	2.28852173914
128.18	2.12406793206
129.189	2.16396432112
130.2	1.94321661721
131.369	2.1485988024
132.519	2.13755826086
133.52	1.831896103896
134.539	1.898677134446
135.54	1.83673926074
136.549	1.708210109018
137.569	1.676376470588
138.648	1.688274328082
139.739	1.785209899176
140.749	2.2069069307
141.949	1.3838
142.969	1.84174117647
144.088	1.370680965148
145.209	1.81436574487
146.44	2.0
147.64	1.737146666666
148.659	2.22307360158
149.679	1.452360784314
150.829	1.745460869566
151.889	1.674460377358
152.89	1.771828171828
153.899	2.03268186324
154.909	1.692863366336
155.959	1.816792380952
156.988	1.684695821186
158.069	1.800111008326
159.189	1.866023235032
160.199	2.54423762376
161.209	1.72327920792
162.219	1.80007920792
163.228	2.08486818632
164.349	1.914714285714
165.429	1.849481481482
166.438	2.6071912785
167.449	1.46972106825
168.459	2.2198019802
169.609	1.947339130434
170.618	1.469224975222
171.629	1.674793273986
172.719	1.98383853211
173.789	1.978302803738
174.868	1.801238183504
175.869	2.48361238762
177.098	1.880084621644
178.099	1.794941058942
179.118	1.429621197252
180.288	1.03891965812
181.308	1.173709803922
182.322	1.214138067062
183.338	0.728708661418
184.358	0.844705882352
185.368	0.736823762376
186.428	0.204618867924
187.439	0.948573689416
188.468	0.96727696793
189.488	0.796423529412
190.505	1.085529990168
191.6	1.655817351598
192.608	1.975968253968
193.661	0.8929002849
194.678	1.595606299212
195.788	1.2241009009
196.818	1.969475728156
197.829	2.07496735906
198.888	1.967063267234
200.098	2.21601322314
201.108	1.461512871288
202.168	1.427833962264
203.378	1.577811570248
204.528	1.4976
205.728	1.51184
206.799	0.974969187676
207.841	1.067439539348
208.858	1.663103244838
209.868	1.544617821782
210.928	1.291335849056
211.938	1.819754455446
212.939	1.638137862138
213.948	1.476995044598
214.959	1.30584371909
216.178	0.921227235438
217.199	0.978256611166
218.218	0.730315996074
219.227	0.701732408326
220.238	1.076462908012
221.239	0.708155844156
222.277	0.716947976878
223.278	0.56218981019
224.298	0.665223529412
225.558	0.423111111112
226.568	0.73299009901
227.628	0.807018867924
228.728	0.993076363636
229.748	1.21711372549
230.848	0.964872727272
231.858	1.388308910892
232.897	0.695191530318
233.898	0.610461538462
234.927	0.701947521866
235.928	0.34232967033
236.947	1.694916584888
237.948	1.66837962038
238.958	1.685465346534
239.959	1.444843156844
241.347	0.430616714698
242.387	1.063923076924
243.477	0.602422018348
244.487	0.782415841584
245.547	1.134535849056
246.567	1.78928627451
247.577	1.471873267326
248.597	2.05973333334
249.706	1.837561767358
250.717	2.30577250248
251.896	1.776162849872
253.017	1.836071428572
254.157	1.696603508772
255.387	1.858146341464
256.427	1.0082
257.437	0.988293069306
258.466	0.808132167152
259.475	1.060979187314
260.636	0.622139534884
261.646	1.239746534654
262.696	1.050087619048
263.707	1.739426310584
264.936	0.95748738812
265.951	1.323791133004
267.035	1.266391143912
268.076	1.343062439962
269.085	0.930029732408
270.234	0.33998259356
271.294	0.351033962264
272.444	0.282754782608
273.594	0.22839652174
274.605	0.454646884272
275.634	0.584209912536
276.664	0.701266019418
277.724	0.338973584906
278.754	0.488761165048
279.764	0.517196039604
280.816	0.245992395438
281.834	0.430019646366
282.864	0.510011650486
283.874	0.369425742574
284.875	0.459188811188
285.894	0.3436781158
286.924	0.531262135922
287.944	0.368423529412
288.964	0.493552941176
289.974	0.287207920792
290.984	0.52011089109
292.124	0.2304
293.174	0.33926095238
294.184	0.758495049504
295.194	0.854162376238
296.224	1.275029126214
297.234	0.456807920792
298.254	0.450635294118
299.264	1.351936633664
300.284	0.536470588236
301.804	0.250684210526
302.814	0.99687920792
303.824	0.541497029702
304.864	0.44196923077
305.884	0.34334117647
306.894	0.847017821782
307.904	1.136538613862
308.922	1.605768172888
310.034	1.101482014388
311.036	1.651372627372
312.044	1.50534920635
313.054	1.344348514852
314.064	1.014003960396
315.293	1.015212367778
316.294	1.72604995005
317.384	1.204066055046
318.394	1.624015841584
319.414	1.614290196078
320.422	1.346523809524
321.424	2.33293413174
322.434	1.346487128712
323.474	0.603015384616
324.494	0.34334117647
326.004	0.577208747514
327.014	0.303398019802
328.154	1.103971929824
329.164	1.488142574258
330.174	1.433394059406
331.244	1.456343925234
332.374	2.18591150442
333.384	2.48128316832
334.394	1.691548514852
335.404	1.40358019802
336.406	1.168846307386
337.414	1.25126984127
338.624	0.999233057852
339.636	1.270118577076
340.673	0.912277992278
341.713	0.484061538462
342.853	0.55156491228
343.884	1.013229873908
345.123	0.722931396288
346.125	0.611640718562
347.153	0.41772762646
348.164	0.476296735906
349.214	0.291961904762
350.254	0.44196923077
351.353	0.258911737944
353.114	0.64122657581
354.173	0.454708215298
355.184	0.497946587538
356.193	0.357137760158
357.253	0.619471698114
358.263	0.482075247524
359.393	0.615150442478
360.403	0.67180990099
361.935	0.874266318538
362.964	0.531778425656
363.974	0.747485148514
364.975	0.893794205794
365.983	0.452158730158
367.003	0.38625882353
368.004	0.349858141858
369.043	0.438036573628
370.123	0.2432
371.164	0.525648414986
372.173	0.672475718534
373.205	0.443379844962
374.333	0.523914893618
375.334	0.378421578422
376.343	0.455548067394
377.353	0.40468910891
378.368	0.560677832512
379.373	0.45336517413
380.393	0.643764705882
381.693	0.474646153846
382.703	0.390083168316
383.729	0.797705365854
384.748	0.60143670265
385.878	0.455263716814
386.888	0.736823762376
387.898	0.774257425742
388.928	0.810330097088
389.988	0.79678490566
390.998	0.563453465346
392.028	0.420831067962
393.048	0.643764705882
394.078	0.537304854368
395.128	0.500297142858
396.218	0.257379816514
397.228	0.390083168316
398.258	0.318757281554
399.268	0.941592079208
400.278	0.70712079208
401.548	0.2047496063
402.563	1.416796059114
403.568	1.690268656716
404.728	1.873296551724
405.738	2.26751683168
406.748	1.559302970298
407.758	2.2448950495
408.768	1.420815841584
409.868	2.03348363636
410.899	2.00751115422
411.938	2.19792877768
413.148	1.923596694214
414.238	2.09737981652
415.248	2.2866059406
416.249	1.825166833166
417.258	1.564099108028
418.299	1.762320845342
419.308	1.696808721506
420.418	1.775293693694
421.428	2.50655049504
422.438	1.796562376238
423.439	1.811932067932
424.458	1.735018645732
425.558	1.52304
426.588	1.635930097088
427.598	2.00697029702
428.608	2.02187722772
429.609	2.09748651348
430.619	2.10843564356
431.838	2.53632157506
432.858	2.02484705882
433.859	2.11115284716
434.948	2.29190817264
436.008	2.12923773584
437.009	2.28363636364
438.018	2.3369197225
439.029	1.27246686449
440.418	1.500406047516
441.588	1.556923076924
442.589	1.361486513486
443.688	2.05826387626
444.689	2.37608791208
445.818	2.01026040744
446.908	2.22766972478
447.948	2.22847692308
448.978	2.25311067962
450.028	2.00205714286
451.072	1.972383141762
452.148	1.96410408922
453.158	2.23485148514
454.168	2.3388990099
455.178	2.26388910892
456.179	2.00015984016
457.188	1.709843409316
458.208	2.01287843138
459.218	1.551746534654
460.248	2.15715728156
461.258	2.42868910892
462.268	2.35513663366
463.318	2.18889142858
464.319	2.58205794206
465.328	2.53733994054
466.478	2.05197913044
467.479	2.5062937063
468.48	2.5803956044
469.488	2.55898412698
470.608	2.11292857142
471.619	2.81560435212
472.768	2.04545169712
473.769	2.25411388612
474.867	1.626448087432
475.938	1.819473389356
476.942	2.67748207172
477.959	2.87578367748
478.969	2.4944
479.97	2.82797202798
480.977	2.5999285005
482.118	2.02693777388
483.158	1.919123076924
484.159	2.57614385614
485.168	2.6870802775
486.318	1.99424
487.319	3.39371028972
488.458	2.05540298508
489.459	2.50771628372
490.46	2.61735064936
491.467	2.6094776564
492.478	2.4602967359
493.487	2.70223984142
494.488	2.6771948052
495.489	2.67131268732
496.558	1.92085313377
497.578	2.51647058824
498.778	2.0314
499.779	2.57206793206
500.788	2.44449554014
501.938	1.927610434782
502.94	2.63864271458
504.118	2.11371137522
505.128	2.39681584158
506.129	1.41938061938
507.13	1.387492507492
508.168	1.563791907514
509.177	1.69060852329
510.187	1.538914851486
511.198	1.38103264095
512.497	0.769761354888
513.667	0.90931965812
514.688	0.964701273262
515.717	0.435000971818
516.807	0.421695412844
517.832	0.693104390244
518.841	0.862192269574
520.383	0.480498054474
521.392	1.052558969276
522.472	0.792044444444
523.483	1.373768545994
524.542	1.140940509916
525.552	1.566368316832
526.572	1.145003921568
527.592	1.256549019608
529.092	0.577365333334
530.102	1.20205940594
531.103	1.44891908092
532.112	1.801561942518
533.122	2.0381940594
534.133	2.36485064292
535.142	1.78886025768
536.262	2.00127142858
537.282	1.645333333334
538.283	2.01152447552
539.312	2.0810728863
540.322	2.36693861386
541.512	1.543435294118
542.602	1.99151559633
543.612	2.8336
544.662	1.825127619048
545.812	0.970685217392
547.102	0.67985116279
548.132	1.16877669903
549.162	0.957483495146
550.362	1.536666666666
551.79	0.613109243698
553.252	0.476848153214
554.344	0.440967032968
555.352	0.882126984126
556.353	1.909578421578
557.452	1.50446587807
558.521	0.28665294668
559.526	1.219629850746
560.542	0.458299212598
561.572	1.988893203884
562.592	1.764188235294
563.612	1.446243137254
564.641	1.635156462586
565.642	1.283692307692
566.682	1.253184615384
567.692	1.073504950496
568.702	1.324815841584
569.712	1.832063366336
570.901	1.141571068124
571.941	1.056784615384
572.951	0.801837623762
574.032	0.37520814061
575.041	0.737554013876
576.052	0.544332344214
577.062	1.579754455446
578.092	1.49042330097
579.101	1.889268582756
580.201	1.10237090909
581.211	1.252974257426
582.241	1.062524271844
583.252	0.355291790306
584.272	0.600847058824
585.289	0.408920353982
586.302	0.401310957552
587.311	0.585704658078
588.362	0.346412940058
589.363	0.590385614386
590.371	0.501047619048
591.372	0.67785014985
592.391	0.495120706576
593.422	0.467057225994
594.461	0.537270452358
595.821	1.123917647058
597.223	0.718151212554
598.322	0.532323930846
599.323	1.115172827172
600.341	1.097650294696
601.443	1.961524500908
602.462	1.791152109912
603.479	1.320448377582
604.482	1.242528414756
605.671	1.013396131202
606.842	1.464976942784
607.851	1.875932606542
608.891	1.283184615384
609.902	2.02848664688
611.081	1.668261238338
612.28	1.216160133444
613.291	0.909293768546
614.292	1.269834165834
615.382	1.548388990826
616.391	1.47835877106
617.411	1.883529411764
618.571	2.13531034482
619.582	1.776474777448
620.591	1.48417839445
621.621	1.5397592233
622.681	1.710279245284
623.721	1.583846153846
624.991	1.390916535434
626.001	1.416475247524
627.231	1.002406504066
628.241	1.148166336634
629.281	1.075646153846
630.301	1.248580392156
631.311	2.006209901
632.481	1.535767521368
633.491	1.798716831684
634.501	1.159603960396
635.531	1.742539805826
636.661	1.08361061947
637.811	1.524313043478
638.821	1.69300297324
639.851	0.60961553398
640.911	0.412981132076
641.922	1.398203758654
643.021	1.651406733394
644.031	1.871492566898
645.041	2.13411485148
646.051	1.297251485148
647.071	1.471874509804
648.081	1.310146534654
649.121	1.668507692308
650.141	2.20589803922
651.151	2.52633663366
652.331	2.38145084746
653.332	3.56451548452
654.381	2.07926787416
655.541	2.17449655172
656.741	2.00493333334
657.742	2.27526073926
658.751	2.03820019822
659.881	1.793727433628
660.901	2.52127058824
661.971	2.02117383178
662.981	2.49546138614
664.161	1.933491525424
665.163	2.2433086913
666.171	2.11811111112
667.181	2.69657029702
668.401	2.05816393442
669.421	2.06803532876
670.431	1.145346534654
671.651	1.887580327868
672.751	2.18344727272
673.871	2.1004
675.122	1.70903277378
676.131	2.52165708622
677.15	1.550100098136
678.161	1.65797032641
679.162	1.596435564436
680.163	2.7765034965
681.351	1.784134680134
682.361	1.932198019802
683.561	2.17328
684.563	2.90602197802
685.571	2.51133333334
686.577	1.957375745526
687.741	1.442845360824
688.75	1.939853320118
689.961	1.943425268374
690.98	2.2264808636
692.051	2.36810457516
693.052	2.6719040959
694.161	2.24112533814
695.17	2.08926065412
696.171	2.35107292708
697.34	1.982686056458
698.342	2.0847744511
699.351	2.30398414272
700.362	2.65710781404
701.591	2.84192026038
702.711	2.30778571428
703.76	1.737502383222
704.8	1.719476923076
705.81	2.31965148514
706.811	1.779916083916
707.941	1.781309734514
709.06	1.879764075068
710.28	1.629796721312
711.29	1.727904950496
712.31	0.727796078432
713.35	0.681061538462
714.44	0.481937614678
715.65	0.274552066116
716.77	0.293142857142
717.81	0.231507692308
718.86	0.63289904762
719.9	1.854
